0	g444468	=	(g444469)
1	g444469	=	(program EOF)
2	program	=	()
3	program	=	(error program)
4	program	=	(declaration program)
5	declaration	=	(varDecl)
6	declaration	=	(statement)
7	varDecl	=	(VAR IDENTIFIER SEMICOLON)
8	varDecl	=	(VAR IDENTIFIER EQUAL expression SEMICOLON)
9	statement	=	(exprStmt)
10	statement	=	(printStmt)
11	statement	=	(block)
12	block	=	(LEFT_BRACE declarations RIGHT_BRACE)
13	declarations	=	()
14	declarations	=	(declaration declarations)
15	exprStmt	=	(expression SEMICOLON)
16	printStmt	=	(PRINT expression SEMICOLON)
17	expression	=	(assignment)
18	assignment	=	(IDENTIFIER EQUAL assignment)
19	assignment	=	(equality)
20	equality	=	(comparison BANG_EQUAL comparison)
21	equality	=	(comparison EQUAL_EQUAL comparison)
22	equality	=	(comparison)
23	comparison	=	(term GREATER term)
24	comparison	=	(term GREATER_EQUAL term)
25	comparison	=	(term LESS term)
26	comparison	=	(term LESS_EQUAL term)
27	comparison	=	(term)
28	term	=	(factor PLUS term)
29	term	=	(factor MINUS term)
30	term	=	(factor)
31	factor	=	(unary STAR unary)
32	factor	=	(unary SLASH unary)
33	factor	=	(unary)
34	unary	=	(BANG unary)
35	unary	=	(MINUS unary)
36	unary	=	(primary)
37	primary	=	(NUMBER)
38	primary	=	(STRING)
39	primary	=	(TRUE)
40	primary	=	(FALSE)
41	primary	=	(NIL)
42	primary	=	(LEFT_PAREN expression RIGHT_PAREN)
43	primary	=	(IDENTIFIER)
State 0
	g444468 -> . g444469 

	VAR					shift	29
	TRUE					shift	28
	expression					goto	9
	MINUS					shift	23
	assignment					goto	10
	comparison					goto	12
	LEFT_BRACE					shift	22
	term					goto	13
	LEFT_PAREN					shift	21
	IDENTIFIER					shift	20
	primary					goto	16
	NIL					shift	26
	error					shift	17
	printStmt					goto	8
	EOF					reduce	2
	FALSE					shift	25
	BANG					shift	24
	block					goto	6
	program					goto	2
	statement					goto	5
	equality					goto	11
	exprStmt					goto	7
	factor					goto	14
	STRING					shift	19
	g444469					goto	1
	NUMBER					shift	18
	declaration					goto	3
	PRINT					shift	27
	varDecl					goto	4
	unary					goto	15

State 1
	g444468 -> g444469 . 


State 2
	g444469 -> program . EOF 

	EOF					accept	

State 3
	program -> declaration . program 

	VAR					shift	29
	TRUE					shift	28
	expression					goto	9
	MINUS					shift	23
	assignment					goto	10
	comparison					goto	12
	LEFT_BRACE					shift	22
	term					goto	13
	LEFT_PAREN					shift	21
	IDENTIFIER					shift	20
	primary					goto	16
	NIL					shift	26
	printStmt					goto	8
	error					shift	17
	EOF					reduce	2
	FALSE					shift	25
	BANG					shift	24
	block					goto	6
	program					goto	31
	statement					goto	5
	equality					goto	11
	exprStmt					goto	7
	factor					goto	14
	STRING					shift	19
	NUMBER					shift	18
	declaration					goto	3
	PRINT					shift	27
	varDecl					goto	4
	unary					goto	15

State 4
	declaration -> varDecl . 

	error					reduce	5
	EOF					reduce	5
	VAR					reduce	5
	TRUE					reduce	5
	FALSE					reduce	5
	BANG					reduce	5
	MINUS					reduce	5
	STRING					reduce	5
	NUMBER					reduce	5
	LEFT_BRACE					reduce	5
	LEFT_PAREN					reduce	5
	IDENTIFIER					reduce	5
	PRINT					reduce	5
	NIL					reduce	5
	RIGHT_BRACE					reduce	5

State 5
	declaration -> statement . 

	error					reduce	6
	EOF					reduce	6
	VAR					reduce	6
	TRUE					reduce	6
	FALSE					reduce	6
	BANG					reduce	6
	MINUS					reduce	6
	STRING					reduce	6
	NUMBER					reduce	6
	LEFT_BRACE					reduce	6
	LEFT_PAREN					reduce	6
	IDENTIFIER					reduce	6
	PRINT					reduce	6
	NIL					reduce	6
	RIGHT_BRACE					reduce	6

State 6
	statement -> block . 

	error					reduce	11
	EOF					reduce	11
	VAR					reduce	11
	TRUE					reduce	11
	FALSE					reduce	11
	BANG					reduce	11
	MINUS					reduce	11
	STRING					reduce	11
	NUMBER					reduce	11
	LEFT_BRACE					reduce	11
	LEFT_PAREN					reduce	11
	IDENTIFIER					reduce	11
	PRINT					reduce	11
	NIL					reduce	11
	RIGHT_BRACE					reduce	11

State 7
	statement -> exprStmt . 

	error					reduce	9
	EOF					reduce	9
	VAR					reduce	9
	TRUE					reduce	9
	FALSE					reduce	9
	BANG					reduce	9
	MINUS					reduce	9
	STRING					reduce	9
	NUMBER					reduce	9
	LEFT_BRACE					reduce	9
	LEFT_PAREN					reduce	9
	IDENTIFIER					reduce	9
	PRINT					reduce	9
	NIL					reduce	9
	RIGHT_BRACE					reduce	9

State 8
	statement -> printStmt . 

	error					reduce	10
	EOF					reduce	10
	VAR					reduce	10
	TRUE					reduce	10
	FALSE					reduce	10
	BANG					reduce	10
	MINUS					reduce	10
	STRING					reduce	10
	NUMBER					reduce	10
	LEFT_BRACE					reduce	10
	LEFT_PAREN					reduce	10
	IDENTIFIER					reduce	10
	PRINT					reduce	10
	NIL					reduce	10
	RIGHT_BRACE					reduce	10

State 9
	exprStmt -> expression . SEMICOLON 

	SEMICOLON					shift	32

State 10
	expression -> assignment . 

	SEMICOLON					reduce	17
	RIGHT_PAREN					reduce	17

State 11
	assignment -> equality . 

	SEMICOLON					reduce	19
	RIGHT_PAREN					reduce	19

State 12
	equality -> comparison . BANG_EQUAL comparison 
	equality -> comparison . EQUAL_EQUAL comparison 
	equality -> comparison . 

	SEMICOLON					reduce	22
	RIGHT_PAREN					reduce	22
	BANG_EQUAL					shift	33
	EQUAL_EQUAL					shift	34

State 13
	comparison -> term . GREATER term 
	comparison -> term . GREATER_EQUAL term 
	comparison -> term . LESS term 
	comparison -> term . LESS_EQUAL term 
	comparison -> term . 

	GREATER					shift	35
	SEMICOLON					reduce	27
	LESS					shift	37
	RIGHT_PAREN					reduce	27
	BANG_EQUAL					reduce	27
	LESS_EQUAL					shift	38
	GREATER_EQUAL					shift	36
	EQUAL_EQUAL					reduce	27

State 14
	term -> factor . PLUS term 
	term -> factor . MINUS term 
	term -> factor . 

	PLUS					shift	40
	BANG_EQUAL					reduce	30
	GREATER_EQUAL					reduce	30
	EQUAL_EQUAL					reduce	30
	MINUS					shift	39
	GREATER					reduce	30
	SEMICOLON					reduce	30
	LESS					reduce	30
	RIGHT_PAREN					reduce	30
	LESS_EQUAL					reduce	30

State 15
	factor -> unary . STAR unary 
	factor -> unary . SLASH unary 
	factor -> unary . 

	PLUS					reduce	33
	BANG_EQUAL					reduce	33
	STAR					shift	42
	SLASH					shift	41
	GREATER_EQUAL					reduce	33
	EQUAL_EQUAL					reduce	33
	MINUS					reduce	33
	GREATER					reduce	33
	SEMICOLON					reduce	33
	RIGHT_PAREN					reduce	33
	LESS					reduce	33
	LESS_EQUAL					reduce	33

State 16
	unary -> primary . 

	PLUS					reduce	36
	BANG_EQUAL					reduce	36
	STAR					reduce	36
	MINUS					reduce	36
	GREATER_EQUAL					reduce	36
	EQUAL_EQUAL					reduce	36
	SLASH					reduce	36
	GREATER					reduce	36
	SEMICOLON					reduce	36
	RIGHT_PAREN					reduce	36
	LESS					reduce	36
	LESS_EQUAL					reduce	36

State 17
	program -> error . program 

	VAR					shift	29
	TRUE					shift	28
	expression					goto	9
	MINUS					shift	23
	assignment					goto	10
	comparison					goto	12
	LEFT_BRACE					shift	22
	term					goto	13
	LEFT_PAREN					shift	21
	IDENTIFIER					shift	20
	primary					goto	16
	NIL					shift	26
	printStmt					goto	8
	error					shift	17
	EOF					reduce	2
	FALSE					shift	25
	BANG					shift	24
	block					goto	6
	program					goto	43
	statement					goto	5
	equality					goto	11
	exprStmt					goto	7
	factor					goto	14
	STRING					shift	19
	NUMBER					shift	18
	declaration					goto	3
	PRINT					shift	27
	varDecl					goto	4
	unary					goto	15

State 18
	primary -> NUMBER . 

	PLUS					reduce	37
	BANG_EQUAL					reduce	37
	STAR					reduce	37
	MINUS					reduce	37
	GREATER_EQUAL					reduce	37
	EQUAL_EQUAL					reduce	37
	SLASH					reduce	37
	GREATER					reduce	37
	SEMICOLON					reduce	37
	RIGHT_PAREN					reduce	37
	LESS					reduce	37
	LESS_EQUAL					reduce	37

State 19
	primary -> STRING . 

	PLUS					reduce	38
	BANG_EQUAL					reduce	38
	STAR					reduce	38
	MINUS					reduce	38
	GREATER_EQUAL					reduce	38
	EQUAL_EQUAL					reduce	38
	SLASH					reduce	38
	GREATER					reduce	38
	SEMICOLON					reduce	38
	RIGHT_PAREN					reduce	38
	LESS					reduce	38
	LESS_EQUAL					reduce	38

State 20
	assignment -> IDENTIFIER . EQUAL assignment 
	primary -> IDENTIFIER . 

	PLUS					reduce	43
	BANG_EQUAL					reduce	43
	STAR					reduce	43
	MINUS					reduce	43
	GREATER_EQUAL					reduce	43
	EQUAL_EQUAL					reduce	43
	SLASH					reduce	43
	EQUAL					shift	44
	GREATER					reduce	43
	SEMICOLON					reduce	43
	RIGHT_PAREN					reduce	43
	LESS					reduce	43
	LESS_EQUAL					reduce	43

State 21
	primary -> LEFT_PAREN . expression RIGHT_PAREN 

	TRUE					shift	28
	expression					goto	45
	MINUS					shift	23
	comparison					goto	12
	assignment					goto	10
	term					goto	13
	LEFT_PAREN					shift	21
	IDENTIFIER					shift	20
	primary					goto	16
	NIL					shift	26
	BANG					shift	24
	FALSE					shift	25
	equality					goto	11
	factor					goto	14
	STRING					shift	19
	NUMBER					shift	18
	unary					goto	15

State 22
	block -> LEFT_BRACE . declarations RIGHT_BRACE 

	VAR					shift	29
	TRUE					shift	28
	expression					goto	9
	MINUS					shift	23
	assignment					goto	10
	comparison					goto	12
	LEFT_BRACE					shift	22
	term					goto	13
	LEFT_PAREN					shift	21
	IDENTIFIER					shift	20
	primary					goto	16
	NIL					shift	26
	printStmt					goto	8
	FALSE					shift	25
	BANG					shift	24
	block					goto	6
	statement					goto	5
	equality					goto	11
	exprStmt					goto	7
	factor					goto	14
	STRING					shift	19
	declaration					goto	46
	NUMBER					shift	18
	declarations					goto	47
	PRINT					shift	27
	varDecl					goto	4
	RIGHT_BRACE					reduce	13
	unary					goto	15

State 23
	unary -> MINUS . unary 

	TRUE					shift	28
	BANG					shift	24
	FALSE					shift	25
	MINUS					shift	23
	STRING					shift	19
	NUMBER					shift	18
	LEFT_PAREN					shift	21
	IDENTIFIER					shift	49
	primary					goto	16
	NIL					shift	26
	unary					goto	48

State 24
	unary -> BANG . unary 

	TRUE					shift	28
	BANG					shift	24
	FALSE					shift	25
	MINUS					shift	23
	STRING					shift	19
	NUMBER					shift	18
	LEFT_PAREN					shift	21
	IDENTIFIER					shift	49
	primary					goto	16
	NIL					shift	26
	unary					goto	50

State 25
	primary -> FALSE . 

	PLUS					reduce	40
	BANG_EQUAL					reduce	40
	STAR					reduce	40
	MINUS					reduce	40
	GREATER_EQUAL					reduce	40
	EQUAL_EQUAL					reduce	40
	SLASH					reduce	40
	GREATER					reduce	40
	SEMICOLON					reduce	40
	RIGHT_PAREN					reduce	40
	LESS					reduce	40
	LESS_EQUAL					reduce	40

State 26
	primary -> NIL . 

	PLUS					reduce	41
	BANG_EQUAL					reduce	41
	STAR					reduce	41
	MINUS					reduce	41
	GREATER_EQUAL					reduce	41
	EQUAL_EQUAL					reduce	41
	SLASH					reduce	41
	GREATER					reduce	41
	SEMICOLON					reduce	41
	RIGHT_PAREN					reduce	41
	LESS					reduce	41
	LESS_EQUAL					reduce	41

State 27
	printStmt -> PRINT . expression SEMICOLON 

	TRUE					shift	28
	expression					goto	51
	MINUS					shift	23
	comparison					goto	12
	assignment					goto	10
	term					goto	13
	LEFT_PAREN					shift	21
	IDENTIFIER					shift	20
	primary					goto	16
	NIL					shift	26
	BANG					shift	24
	FALSE					shift	25
	equality					goto	11
	factor					goto	14
	STRING					shift	19
	NUMBER					shift	18
	unary					goto	15

State 28
	primary -> TRUE . 

	PLUS					reduce	39
	BANG_EQUAL					reduce	39
	STAR					reduce	39
	MINUS					reduce	39
	GREATER_EQUAL					reduce	39
	EQUAL_EQUAL					reduce	39
	SLASH					reduce	39
	GREATER					reduce	39
	SEMICOLON					reduce	39
	RIGHT_PAREN					reduce	39
	LESS					reduce	39
	LESS_EQUAL					reduce	39

State 29
	varDecl -> VAR . IDENTIFIER SEMICOLON 
	varDecl -> VAR . IDENTIFIER EQUAL expression SEMICOLON 

	IDENTIFIER					shift	52

State 30
	g444469 -> program EOF . 


State 31
	program -> declaration program . 

	EOF					reduce	4

State 32
	exprStmt -> expression SEMICOLON . 

	error					reduce	15
	EOF					reduce	15
	VAR					reduce	15
	TRUE					reduce	15
	FALSE					reduce	15
	BANG					reduce	15
	MINUS					reduce	15
	STRING					reduce	15
	NUMBER					reduce	15
	LEFT_BRACE					reduce	15
	LEFT_PAREN					reduce	15
	IDENTIFIER					reduce	15
	PRINT					reduce	15
	NIL					reduce	15
	RIGHT_BRACE					reduce	15

State 33
	equality -> comparison BANG_EQUAL . comparison 

	TRUE					shift	28
	FALSE					shift	25
	BANG					shift	24
	factor					goto	14
	MINUS					shift	23
	comparison					goto	53
	STRING					shift	19
	term					goto	13
	NUMBER					shift	18
	LEFT_PAREN					shift	21
	IDENTIFIER					shift	49
	primary					goto	16
	NIL					shift	26
	unary					goto	15

State 34
	equality -> comparison EQUAL_EQUAL . comparison 

	TRUE					shift	28
	FALSE					shift	25
	BANG					shift	24
	factor					goto	14
	MINUS					shift	23
	comparison					goto	54
	STRING					shift	19
	term					goto	13
	NUMBER					shift	18
	LEFT_PAREN					shift	21
	IDENTIFIER					shift	49
	primary					goto	16
	NIL					shift	26
	unary					goto	15

State 35
	comparison -> term GREATER . term 

	TRUE					shift	28
	FALSE					shift	25
	BANG					shift	24
	factor					goto	14
	MINUS					shift	23
	STRING					shift	19
	term					goto	55
	NUMBER					shift	18
	LEFT_PAREN					shift	21
	IDENTIFIER					shift	49
	primary					goto	16
	NIL					shift	26
	unary					goto	15

State 36
	comparison -> term GREATER_EQUAL . term 

	TRUE					shift	28
	FALSE					shift	25
	BANG					shift	24
	factor					goto	14
	MINUS					shift	23
	STRING					shift	19
	term					goto	56
	NUMBER					shift	18
	LEFT_PAREN					shift	21
	IDENTIFIER					shift	49
	primary					goto	16
	NIL					shift	26
	unary					goto	15

State 37
	comparison -> term LESS . term 

	TRUE					shift	28
	FALSE					shift	25
	BANG					shift	24
	factor					goto	14
	MINUS					shift	23
	STRING					shift	19
	term					goto	57
	NUMBER					shift	18
	LEFT_PAREN					shift	21
	IDENTIFIER					shift	49
	primary					goto	16
	NIL					shift	26
	unary					goto	15

State 38
	comparison -> term LESS_EQUAL . term 

	TRUE					shift	28
	FALSE					shift	25
	BANG					shift	24
	factor					goto	14
	MINUS					shift	23
	STRING					shift	19
	term					goto	58
	NUMBER					shift	18
	LEFT_PAREN					shift	21
	IDENTIFIER					shift	49
	primary					goto	16
	NIL					shift	26
	unary					goto	15

State 39
	term -> factor MINUS . term 

	TRUE					shift	28
	FALSE					shift	25
	BANG					shift	24
	factor					goto	14
	MINUS					shift	23
	STRING					shift	19
	term					goto	59
	NUMBER					shift	18
	LEFT_PAREN					shift	21
	IDENTIFIER					shift	49
	primary					goto	16
	NIL					shift	26
	unary					goto	15

State 40
	term -> factor PLUS . term 

	TRUE					shift	28
	FALSE					shift	25
	BANG					shift	24
	factor					goto	14
	MINUS					shift	23
	STRING					shift	19
	term					goto	60
	NUMBER					shift	18
	LEFT_PAREN					shift	21
	IDENTIFIER					shift	49
	primary					goto	16
	NIL					shift	26
	unary					goto	15

State 41
	factor -> unary SLASH . unary 

	TRUE					shift	28
	BANG					shift	24
	FALSE					shift	25
	MINUS					shift	23
	STRING					shift	19
	NUMBER					shift	18
	LEFT_PAREN					shift	21
	IDENTIFIER					shift	49
	primary					goto	16
	NIL					shift	26
	unary					goto	61

State 42
	factor -> unary STAR . unary 

	TRUE					shift	28
	BANG					shift	24
	FALSE					shift	25
	MINUS					shift	23
	STRING					shift	19
	NUMBER					shift	18
	LEFT_PAREN					shift	21
	IDENTIFIER					shift	49
	primary					goto	16
	NIL					shift	26
	unary					goto	62

State 43
	program -> error program . 

	EOF					reduce	3

State 44
	assignment -> IDENTIFIER EQUAL . assignment 

	TRUE					shift	28
	FALSE					shift	25
	BANG					shift	24
	equality					goto	11
	factor					goto	14
	MINUS					shift	23
	assignment					goto	63
	comparison					goto	12
	STRING					shift	19
	term					goto	13
	NUMBER					shift	18
	LEFT_PAREN					shift	21
	IDENTIFIER					shift	20
	primary					goto	16
	NIL					shift	26
	unary					goto	15

State 45
	primary -> LEFT_PAREN expression . RIGHT_PAREN 

	RIGHT_PAREN					shift	64

State 46
	declarations -> declaration . declarations 

	VAR					shift	29
	TRUE					shift	28
	expression					goto	9
	MINUS					shift	23
	assignment					goto	10
	comparison					goto	12
	LEFT_BRACE					shift	22
	term					goto	13
	LEFT_PAREN					shift	21
	IDENTIFIER					shift	20
	primary					goto	16
	NIL					shift	26
	printStmt					goto	8
	FALSE					shift	25
	BANG					shift	24
	block					goto	6
	statement					goto	5
	equality					goto	11
	exprStmt					goto	7
	factor					goto	14
	STRING					shift	19
	declaration					goto	46
	NUMBER					shift	18
	declarations					goto	65
	PRINT					shift	27
	varDecl					goto	4
	RIGHT_BRACE					reduce	13
	unary					goto	15

State 47
	block -> LEFT_BRACE declarations . RIGHT_BRACE 

	RIGHT_BRACE					shift	66

State 48
	unary -> MINUS unary . 

	PLUS					reduce	35
	BANG_EQUAL					reduce	35
	STAR					reduce	35
	MINUS					reduce	35
	GREATER_EQUAL					reduce	35
	EQUAL_EQUAL					reduce	35
	SLASH					reduce	35
	GREATER					reduce	35
	SEMICOLON					reduce	35
	RIGHT_PAREN					reduce	35
	LESS					reduce	35
	LESS_EQUAL					reduce	35

State 49
	primary -> IDENTIFIER . 

	PLUS					reduce	43
	BANG_EQUAL					reduce	43
	STAR					reduce	43
	MINUS					reduce	43
	GREATER_EQUAL					reduce	43
	EQUAL_EQUAL					reduce	43
	SLASH					reduce	43
	GREATER					reduce	43
	SEMICOLON					reduce	43
	RIGHT_PAREN					reduce	43
	LESS					reduce	43
	LESS_EQUAL					reduce	43

State 50
	unary -> BANG unary . 

	PLUS					reduce	34
	BANG_EQUAL					reduce	34
	STAR					reduce	34
	MINUS					reduce	34
	GREATER_EQUAL					reduce	34
	EQUAL_EQUAL					reduce	34
	SLASH					reduce	34
	GREATER					reduce	34
	SEMICOLON					reduce	34
	RIGHT_PAREN					reduce	34
	LESS					reduce	34
	LESS_EQUAL					reduce	34

State 51
	printStmt -> PRINT expression . SEMICOLON 

	SEMICOLON					shift	67

State 52
	varDecl -> VAR IDENTIFIER . SEMICOLON 
	varDecl -> VAR IDENTIFIER . EQUAL expression SEMICOLON 

	EQUAL					shift	69
	SEMICOLON					shift	68

State 53
	equality -> comparison BANG_EQUAL comparison . 

	SEMICOLON					reduce	20
	RIGHT_PAREN					reduce	20

State 54
	equality -> comparison EQUAL_EQUAL comparison . 

	SEMICOLON					reduce	21
	RIGHT_PAREN					reduce	21

State 55
	comparison -> term GREATER term . 

	SEMICOLON					reduce	23
	RIGHT_PAREN					reduce	23
	BANG_EQUAL					reduce	23
	EQUAL_EQUAL					reduce	23

State 56
	comparison -> term GREATER_EQUAL term . 

	SEMICOLON					reduce	24
	RIGHT_PAREN					reduce	24
	BANG_EQUAL					reduce	24
	EQUAL_EQUAL					reduce	24

State 57
	comparison -> term LESS term . 

	SEMICOLON					reduce	25
	RIGHT_PAREN					reduce	25
	BANG_EQUAL					reduce	25
	EQUAL_EQUAL					reduce	25

State 58
	comparison -> term LESS_EQUAL term . 

	SEMICOLON					reduce	26
	RIGHT_PAREN					reduce	26
	BANG_EQUAL					reduce	26
	EQUAL_EQUAL					reduce	26

State 59
	term -> factor MINUS term . 

	SEMICOLON					reduce	29
	GREATER					reduce	29
	RIGHT_PAREN					reduce	29
	LESS					reduce	29
	BANG_EQUAL					reduce	29
	LESS_EQUAL					reduce	29
	EQUAL_EQUAL					reduce	29
	GREATER_EQUAL					reduce	29

State 60
	term -> factor PLUS term . 

	SEMICOLON					reduce	28
	GREATER					reduce	28
	RIGHT_PAREN					reduce	28
	LESS					reduce	28
	BANG_EQUAL					reduce	28
	LESS_EQUAL					reduce	28
	EQUAL_EQUAL					reduce	28
	GREATER_EQUAL					reduce	28

State 61
	factor -> unary SLASH unary . 

	PLUS					reduce	32
	BANG_EQUAL					reduce	32
	GREATER_EQUAL					reduce	32
	EQUAL_EQUAL					reduce	32
	MINUS					reduce	32
	GREATER					reduce	32
	SEMICOLON					reduce	32
	RIGHT_PAREN					reduce	32
	LESS					reduce	32
	LESS_EQUAL					reduce	32

State 62
	factor -> unary STAR unary . 

	PLUS					reduce	31
	BANG_EQUAL					reduce	31
	GREATER_EQUAL					reduce	31
	EQUAL_EQUAL					reduce	31
	MINUS					reduce	31
	GREATER					reduce	31
	SEMICOLON					reduce	31
	RIGHT_PAREN					reduce	31
	LESS					reduce	31
	LESS_EQUAL					reduce	31

State 63
	assignment -> IDENTIFIER EQUAL assignment . 

	SEMICOLON					reduce	18
	RIGHT_PAREN					reduce	18

State 64
	primary -> LEFT_PAREN expression RIGHT_PAREN . 

	PLUS					reduce	42
	BANG_EQUAL					reduce	42
	STAR					reduce	42
	MINUS					reduce	42
	GREATER_EQUAL					reduce	42
	EQUAL_EQUAL					reduce	42
	SLASH					reduce	42
	GREATER					reduce	42
	SEMICOLON					reduce	42
	RIGHT_PAREN					reduce	42
	LESS					reduce	42
	LESS_EQUAL					reduce	42

State 65
	declarations -> declaration declarations . 

	RIGHT_BRACE					reduce	14

State 66
	block -> LEFT_BRACE declarations RIGHT_BRACE . 

	error					reduce	12
	EOF					reduce	12
	VAR					reduce	12
	TRUE					reduce	12
	FALSE					reduce	12
	BANG					reduce	12
	MINUS					reduce	12
	STRING					reduce	12
	NUMBER					reduce	12
	LEFT_BRACE					reduce	12
	LEFT_PAREN					reduce	12
	IDENTIFIER					reduce	12
	PRINT					reduce	12
	NIL					reduce	12
	RIGHT_BRACE					reduce	12

State 67
	printStmt -> PRINT expression SEMICOLON . 

	error					reduce	16
	EOF					reduce	16
	VAR					reduce	16
	TRUE					reduce	16
	FALSE					reduce	16
	BANG					reduce	16
	MINUS					reduce	16
	STRING					reduce	16
	NUMBER					reduce	16
	LEFT_BRACE					reduce	16
	LEFT_PAREN					reduce	16
	IDENTIFIER					reduce	16
	PRINT					reduce	16
	NIL					reduce	16
	RIGHT_BRACE					reduce	16

State 68
	varDecl -> VAR IDENTIFIER SEMICOLON . 

	error					reduce	7
	EOF					reduce	7
	VAR					reduce	7
	TRUE					reduce	7
	FALSE					reduce	7
	BANG					reduce	7
	MINUS					reduce	7
	STRING					reduce	7
	NUMBER					reduce	7
	LEFT_BRACE					reduce	7
	LEFT_PAREN					reduce	7
	IDENTIFIER					reduce	7
	PRINT					reduce	7
	NIL					reduce	7
	RIGHT_BRACE					reduce	7

State 69
	varDecl -> VAR IDENTIFIER EQUAL . expression SEMICOLON 

	TRUE					shift	28
	expression					goto	70
	MINUS					shift	23
	comparison					goto	12
	assignment					goto	10
	term					goto	13
	LEFT_PAREN					shift	21
	IDENTIFIER					shift	20
	primary					goto	16
	NIL					shift	26
	BANG					shift	24
	FALSE					shift	25
	equality					goto	11
	factor					goto	14
	STRING					shift	19
	NUMBER					shift	18
	unary					goto	15

State 70
	varDecl -> VAR IDENTIFIER EQUAL expression . SEMICOLON 

	SEMICOLON					shift	71

State 71
	varDecl -> VAR IDENTIFIER EQUAL expression SEMICOLON . 

	error					reduce	8
	EOF					reduce	8
	VAR					reduce	8
	TRUE					reduce	8
	FALSE					reduce	8
	BANG					reduce	8
	MINUS					reduce	8
	STRING					reduce	8
	NUMBER					reduce	8
	LEFT_BRACE					reduce	8
	LEFT_PAREN					reduce	8
	IDENTIFIER					reduce	8
	PRINT					reduce	8
	NIL					reduce	8
	RIGHT_BRACE					reduce	8

